app/manifest-merger-release-report.txt
-- Merging decision tree log ---
manifest
ADDED from AndroidManifest.xml:2:1
	xmlns:android
		ADDED from AndroidManifest.xml:3:11
	package
		ADDED from AndroidManifest.xml:2:11
		INJECTED from AndroidManifest.xml:0:0
		INJECTED from AndroidManifest.xml:0:0
	android:versionName
		INJECTED from AndroidManifest.xml:0:0
		INJECTED from AndroidManifest.xml:0:0
	android:versionCode
		INJECTED from AndroidManifest.xml:0:0
		INJECTED from AndroidManifest.xml:0:0
uses-permission#android.permission.PROCESS_OUTGOING_CALLS
ADDED from AndroidManifest.xml:5:5
	android:name
		ADDED from AndroidManifest.xml:5:22
uses-permission#android.permission.INTERNET
ADDED from AndroidManifest.xml:6:5
	android:name
		ADDED from AndroidManifest.xml:6:22
uses-permission#android.permission.WRITE_EXTERNAL_STORAGE
ADDED from AndroidManifest.xml:7:5
	android:name
		ADDED from AndroidManifest.xml:7:22
uses-permission#android.permission.KILL_BACKGROUND_PROCESSES
ADDED from AndroidManifest.xml:8:5
	android:name
		ADDED from AndroidManifest.xml:8:22
uses-permission#com.android.launcher.permission.INSTALL_SHORTCUT
ADDED from AndroidManifest.xml:9:5
	android:name
		ADDED from AndroidManifest.xml:9:22
uses-permission#com.android.launcher.permission.UNINSTALL_SHORTCUT
ADDED from AndroidManifest.xml:10:5
	android:name
		ADDED from AndroidManifest.xml:10:22
application
ADDED from AndroidManifest.xml:12:5
MERGED from com.melnykov:floatingactionbutton:1.1.0:12:5
MERGED from com.android.support:recyclerview-v7:21.0.0:17:5
MERGED from com.android.support:support-v4:21.0.0:16:5
MERGED from com.github.mrengineer13:snackbar:1.0.0:12:5
MERGED from com.github.dvdandroid:colorlistpreference:1.6.1:28:5
	android:label
		ADDED from AndroidManifest.xml:15:9
	android:allowBackup
		ADDED from AndroidManifest.xml:13:9
	android:icon
		ADDED from AndroidManifest.xml:14:9
	android:theme
		ADDED from AndroidManifest.xml:16:9
activity#com.dvd.android.updatechecker.MainActivity
ADDED from AndroidManifest.xml:17:9
	android:screenOrientation
		ADDED from AndroidManifest.xml:20:13
	android:label
		ADDED from AndroidManifest.xml:19:13
	android:name
		ADDED from AndroidManifest.xml:18:13
intent-filter#android.intent.action.MAIN
ADDED from AndroidManifest.xml:21:13
action#android.intent.action.MAIN
ADDED from AndroidManifest.xml:22:17
	android:name
		ADDED from AndroidManifest.xml:22:25
activity#com.dvd.android.updatechecker.UpdateActivity
ADDED from AndroidManifest.xml:25:9
	android:noHistory
		ADDED from AndroidManifest.xml:28:13
	android:label
		ADDED from AndroidManifest.xml:27:13
	android:name
		ADDED from AndroidManifest.xml:26:13
activity-alias#com.dvd.android.updatechecker.MainActivity-L
ADDED from AndroidManifest.xml:34:9
	android:label
		ADDED from AndroidManifest.xml:38:13
	android:icon
		ADDED from AndroidManifest.xml:37:13
	android:enabled
		ADDED from AndroidManifest.xml:36:13
	android:targetActivity
		ADDED from AndroidManifest.xml:39:13
	android:name
		ADDED from AndroidManifest.xml:35:13
intent-filter#android.intent.action.MAIN+android.intent.category.LAUNCHER
ADDED from AndroidManifest.xml:40:13
category#android.intent.category.LAUNCHER
ADDED from AndroidManifest.xml:43:17
	android:name
		ADDED from AndroidManifest.xml:43:27
activity-alias#com.dvd.android.updatechecker.MainActivity-KK
ADDED from AndroidManifest.xml:46:9
	android:label
		ADDED from AndroidManifest.xml:50:13
	android:icon
		ADDED from AndroidManifest.xml:49:13
	android:enabled
		ADDED from AndroidManifest.xml:48:13
	android:targetActivity
		ADDED from AndroidManifest.xml:51:13
	android:name
		ADDED from AndroidManifest.xml:47:13
activity-alias#com.dvd.android.updatechecker.UpdateActivity-sh
ADDED from AndroidManifest.xml:58:9
	android:noHistory
		ADDED from AndroidManifest.xml:63:13
	android:label
		ADDED from AndroidManifest.xml:62:13
	android:icon
		ADDED from AndroidManifest.xml:61:13
	android:enabled
		ADDED from AndroidManifest.xml:60:13
	android:targetActivity
		ADDED from AndroidManifest.xml:64:13
	android:name
		ADDED from AndroidManifest.xml:59:13
activity-alias#com.dvd.android.updatechecker.MainActivity-JB
ADDED from AndroidManifest.xml:71:9
	android:label
		ADDED from AndroidManifest.xml:75:13
	android:icon
		ADDED from AndroidManifest.xml:74:13
	android:enabled
		ADDED from AndroidManifest.xml:73:13
	android:targetActivity
		ADDED from AndroidManifest.xml:76:13
	android:name
		ADDED from AndroidManifest.xml:72:13
receiver#com.dvd.android.updatechecker.Receiver
ADDED from AndroidManifest.xml:84:9
	android:name
		ADDED from AndroidManifest.xml:84:19
intent-filter#android.intent.action.NEW_OUTGOING_CALL
ADDED from AndroidManifest.xml:85:13
action#android.intent.action.NEW_OUTGOING_CALL
ADDED from AndroidManifest.xml:86:17
	android:name
		ADDED from AndroidManifest.xml:86:25
activity#com.dvd.android.updatechecker.InfoActivity
ADDED from AndroidManifest.xml:90:9
	android:screenOrientation
		ADDED from AndroidManifest.xml:93:13
	android:label
		ADDED from AndroidManifest.xml:92:13
	android:name
		ADDED from AndroidManifest.xml:91:13
activity#com.dvd.android.updatechecker.egg.kk.DessertCase
ADDED from AndroidManifest.xml:96:9
	android:theme
		ADDED from AndroidManifest.xml:98:13
	android:name
		ADDED from AndroidManifest.xml:97:13
activity#com.dvd.android.updatechecker.egg.kk.PlatLogoActivity
ADDED from AndroidManifest.xml:103:9
	android:theme
		ADDED from AndroidManifest.xml:105:13
	android:name
		ADDED from AndroidManifest.xml:104:13
activity#com.dvd.android.updatechecker.egg.l_preview.PlatLogoActivity
ADDED from AndroidManifest.xml:110:9
	android:theme
		ADDED from AndroidManifest.xml:112:13
	android:name
		ADDED from AndroidManifest.xml:111:13
activity#com.dvd.android.updatechecker.egg.ll.PlatLogoActivity
ADDED from AndroidManifest.xml:117:9
	android:theme
		ADDED from AndroidManifest.xml:119:13
	android:name
		ADDED from AndroidManifest.xml:118:13
activity#com.dvd.android.updatechecker.egg.ll.LLandActivity
ADDED from AndroidManifest.xml:124:9
	android:screenOrientation
		ADDED from AndroidManifest.xml:128:13
	android:theme
		ADDED from AndroidManifest.xml:129:13
	android:hardwareAccelerated
		ADDED from AndroidManifest.xml:126:13
	android:name
		ADDED from AndroidManifest.xml:125:13
	android:launchMode
		ADDED from AndroidManifest.xml:127:13
activity#com.dvd.android.updatechecker.SysInfoActivity
ADDED from AndroidManifest.xml:134:9
	android:screenOrientation
		ADDED from AndroidManifest.xml:137:13
	android:label
		ADDED from AndroidManifest.xml:136:13
	android:name
		ADDED from AndroidManifest.xml:135:13
activity#com.dvd.android.updatechecker.SettingsActivity
ADDED from AndroidManifest.xml:139:9
	android:screenOrientation
		ADDED from AndroidManifest.xml:142:13
	android:label
		ADDED from AndroidManifest.xml:141:13
	android:name
		ADDED from AndroidManifest.xml:140:13
uses-sdk
INJECTED from AndroidManifest.xml:0:0 reason: use-sdk injection requested
MERGED from com.melnykov:floatingactionbutton:1.1.0:8:5
MERGED from com.android.support:recyclerview-v7:21.0.0:15:5
MERGED from com.android.support:support-v4:21.0.0:15:5
MERGED from com.github.mrengineer13:snackbar:1.0.0:8:5
MERGED from com.github.dvdandroid:colorlistpreference:1.6.1:24:5
	android:targetSdkVersion
		INJECTED from AndroidManifest.xml:0:0
		INJECTED from AndroidManifest.xml:0:0
	android:minSdkVersion
		INJECTED from AndroidManifest.xml:0:0
		INJECTED from AndroidManifest.xml:0:0
activity#android.support.v7.widget.TestActivity
ADDED from com.android.support:recyclerview-v7:21.0.0:18:9
	android:label
		ADDED from com.android.support:recyclerview-v7:21.0.0:18:19
	android:name
		ADDED from com.android.support:recyclerview-v7:21.0.0:18:60